B-moviename O O O O O O
B-moviename I-moviename
B-numberofpeople O O
B-numberofpeople O O
B-numberofpeople O O
B-numberofpeople O O
B-numberofpeople O O
B-starttime I-starttime
B-numberofpeople O O
B-starttime I-starttime
B-numberofpeople O O
B-starttime I-starttime
B-starttime
B-starttime O O
B-zip
O O O O O B-moviename I-moviename I-moviename O B-city
O O O O O B-moviename I-moviename O B-city
O O O O O B-moviename O B-city
O O O O O B-moviename I-moviename I-moviename O B-city
O O O O O B-moviename O B-city
O O O O O B-moviename O B-city
O O O O O B-moviename O B-city
O O O O O B-moviename I-moviename I-moviename O B-city
O O O O O B-moviename I-moviename O B-city
O O O O O B-moviename I-moviename O B-city
O O O O O B-moviename I-moviename O B-city
O O O O O B-moviename O B-city
O O O O O B-moviename O B-city
O O O B-numberofpeople O O B-moviename
O O O B-numberofpeople O O B-moviename
O O O B-numberofpeople O
O O O B-numberofpeople O O B-moviename I-moviename
O O O B-numberofpeople O O B-moviename
O O O B-numberofpeople O O B-moviename I-moviename
O O O B-numberofpeople O O B-moviename
O O O B-numberofpeople O O B-moviename
O O O B-numberofpeople O O B-moviename I-moviename I-moviename
O O O B-numberofpeople O O B-moviename I-moviename
O O O B-numberofpeople O
O O O B-numberofpeople O O B-moviename
O O O B-numberofpeople O O B-moviename
O O O B-numberofpeople O
O O O B-numberofpeople O
O O O O O O B-moviename I-moviename I-moviename
O O O O O O B-theater I-moviename
O O O O O O B-moviename
O O O O O O B-moviename
O O O O O O B-moviename
O O O O O O B-moviename
O O O O O O B-moviename I-moviename
O O O O O O B-moviename I-moviename
O O O O O O B-moviename
O O O O O O B-date
O O O O O O B-date
O O O O O O B-date
O O O O O O B-date I-date
O O O O O B-moviename I-moviename I-moviename O B-theater I-theater I-theater
O O O O O B-moviename O B-theater I-theater I-theater I-theater I-theater
O O O O O B-moviename O B-theater I-theater I-theater
O O O O O B-moviename B-date
O O O O O B-moviename B-date
O O O O O B-moviename B-date
O O O O O B-moviename B-date
O O O O O B-moviename I-moviename O B-theater I-theater I-theater I-theater I-theater
O O O O O B-moviename I-moviename O B-theater I-theater I-theater I-theater
O O O O O B-moviename I-moviename I-moviename B-date
O O O O O B-moviename O B-theater I-theater I-theater I-theater I-theater
O O O O O B-moviename O B-theater I-theater I-theater I-theater I-theater
O O O O O B-moviename O B-theater I-theater I-theater I-theater
O O O O O B-moviename B-date
O O O O O B-moviename O B-theater I-theater I-theater
O O O O O B-moviename B-date
O O O O O B-moviename I-moviename I-moviename O B-theater I-theater I-theater
O O O O O B-moviename I-moviename O B-theater I-theater I-theater
O O O O O B-moviename I-moviename B-date
O O O O O B-moviename I-moviename O B-theater I-theater I-theater I-theater
O O O O O B-moviename I-moviename B-date
O O O O O B-moviename I-moviename O B-theater I-theater I-theater
O O O O O B-moviename I-moviename B-date
O O O O O B-moviename O B-theater I-theater I-theater
O O O O O B-moviename O B-theater I-theater I-theater
O O O O O B-moviename B-date
O O O B-numberofpeople O
O O O O O O O B-moviename O B-state
O O B-numberofpeople O O O O O O O O B-theater I-theater I-theater O B-date
O O B-numberofpeople O O O O O O O O B-distanceconstraints O O B-zip
O O O O O B-moviename O B-theater
O O O O B-state
O O O O B-state
O O O O B-state
O O B-numberofpeople O O
O O B-numberofpeople O O
O O B-numberofpeople O O
O O B-numberofpeople O O O O O O O B-theater I-theater O B-city O B-date
O O B-numberofpeople O O
O O B-numberofpeople O O
O O O O O B-city
O O O O O B-city
O O O O O B-theater I-city
O O O O O B-theater I-theater I-theater I-theater
O O O O O B-city
O O O O O B-city I-city
O O O O B-theater I-moviename O B-starttime I-starttime
O O O O B-moviename O B-starttime
O O O O B-moviename O B-starttime I-starttime
O O O O B-moviename O B-starttime I-starttime
O O O O B-moviename O B-starttime I-starttime
O O O O B-moviename I-moviename O B-starttime I-starttime
O O O O B-moviename I-moviename I-moviename O B-starttime I-starttime
O O O O B-moviename O B-starttime I-starttime
O O O O B-moviename O B-starttime I-starttime
O O O O B-moviename O B-starttime I-starttime
O O O O B-moviename O B-starttime I-starttime
O O O O B-moviename O B-starttime I-starttime
O O O O B-moviename I-moviename I-moviename O B-starttime I-starttime
O O O O B-moviename I-moviename O B-starttime I-starttime
O O O O B-moviename I-moviename O B-starttime I-starttime
O O O O B-moviename O B-starttime
O O O O B-moviename O B-starttime I-starttime
O O O O B-moviename O B-starttime I-starttime
O O O O B-numberofpeople O O O O O O O B-city B-state
O O O O B-numberofpeople O O O O O O O B-theater I-city I-theater
O O O O B-numberofpeople O O O O O O O B-city B-state
O O O O B-numberofpeople O O O O O O O B-city B-zip O B-date
O O O O B-numberofpeople O O O O O O O B-city B-state
O O O O B-numberofpeople O O O O O O O B-theater B-zip O B-date
O O O O B-numberofpeople O O O O O O O B-city B-state
O O O O B-numberofpeople O O O O O O O B-city B-state
O O O O B-numberofpeople O O O O O O O B-city O B-date
O O O O B-numberofpeople O O O O O O B-city O O O B-zip
O O O O B-numberofpeople O O O O O O B-date O O B-zip
O O O O B-numberofpeople O O O O O O O B-city O B-date
O O O O B-numberofpeople O O O O O O B-city O O O B-zip
O O O O B-numberofpeople O O O O O O B-date O O B-zip
O O O O B-numberofpeople O O O O O O O B-city O B-date I-date
O O O O B-numberofpeople O O O O O O O O B-theater I-theater O B-city I-city
O O O O O O B-date
O O O O O O B-date
O O O O O O B-date
O O O O O O B-date
O O O O O O B-date
O O O O B-moviename I-moviename
O O O O B-moviename I-moviename I-moviename
O O O O B-moviename
O O O O O B-starttime
O O O O O B-starttime I-starttime
O O O O O B-starttime I-starttime
O O O O O B-starttime I-starttime
O O O O O B-starttime I-starttime
O O O O O B-starttime
O O O O O B-starttime I-starttime
O O O O O B-starttime I-starttime
O O O O O B-starttime I-starttime
O O O O O B-starttime I-starttime
O O O O O B-city
O O O O O B-state
O O O O O B-theater I-theater I-theater I-theater
O O O O O B-theater I-theater I-theater I-theater I-theater
O O O O O B-starttime I-starttime
O O O O O B-starttime I-starttime
O O O O O B-starttime I-starttime
O O O O O B-starttime I-starttime
O O O O O B-theater I-theater
O O O O O B-city
O O O O O B-city I-city
O O O O O B-city I-city
O O O O O B-city
O O O O O B-city
O O O O O B-state
O O O O O B-state
O O O O O B-city
O O O O O B-theater I-theater I-theater
O O O O O B-theater I-theater I-theater I-theater
O O O O O B-theater
O O O O O B-theater I-theater I-theater I-theater
O O O O O B-theater I-theater I-theater
O O O O O B-city
O O O O O B-theater I-theater
O O O O O B-city I-city
O O O O O B-state
O O O O B-moviename
O O O O B-moviename I-moviename
O O O O B-moviename
O O O O B-moviename
O O O O B-moviename I-moviename I-moviename
O O O O B-moviename I-moviename I-moviename
O O O O B-moviename I-moviename I-moviename
O O O O B-moviename I-moviename
O O O O B-moviename I-moviename
O O O O B-moviename
O O O O O B-distanceconstraints
O O O O O B-distanceconstraints I-distanceconstraints
O O O O O O O
O O O O O O O O B-city B-state
O O O O O O O O B-city
O O O O O O O O B-city I-city I-city
O O O O O O O O B-city I-city I-city
O O O O O O O B-distanceconstraints I-distanceconstraints B-zip
O O O O O O O O B-numberofpeople O O B-city
O O O O O O O O B-numberofpeople O O B-city
O O O O O O O O B-numberofpeople O O B-city
O O O O O O O O B-numberofpeople O O O B-zip
O O O O O O O O O O
O O O O O O O O O B-zip
O O O O O O O O O B-numberofpeople O B-distanceconstraints I-distanceconstraints
O O O O O O O O O B-numberofpeople O O B-state
O O O O O O O O O B-numberofpeople O O B-city B-state
O O O O O O O O O B-numberofpeople O O B-theater I-theater I-theater I-theater
O O O O O O O O O B-numberofpeople O O B-state
O O O O O O O O O B-numberofpeople O O B-city B-state
O O O O O O O O O B-numberofpeople O O B-state
O O O O O O O O O B-numberofpeople O B-distanceconstraints I-distanceconstraints
O O O O O O O O O B-numberofpeople O B-distanceconstraints I-distanceconstraints
O O O O O O O O O B-numberofpeople O O B-theater I-theater O B-city I-city
O O O O O O O O O B-numberofpeople O
O O O O O O O O O B-numberofpeople O
O O O O O O O O O B-numberofpeople O
O O O O O O O O O B-numberofpeople O
O O O O O O O O O B-numberofpeople O
O O O O O O O O O B-numberofpeople O
O O O O O O O O O B-city
O O O O O O O O B-moviename I-moviename
O O O O O O O O B-moviename
O O O O O B-numberofpeople O O B-moviename
O O O O O B-numberofpeople O O B-moviename
O O O O O B-numberofpeople O O B-moviename I-moviename
O O O O O B-numberofpeople O O B-moviename
O O O O O B-numberofpeople O O B-moviename I-moviename I-moviename
O O O O O B-numberofpeople O O B-moviename
O O O O O B-numberofpeople O O B-moviename I-moviename
O O O O O B-numberofpeople O O B-moviename I-moviename I-moviename
O O O O O B-numberofpeople O O B-moviename
O O O O O B-numberofpeople O O B-moviename
O O O O O B-numberofpeople O O B-moviename
O O O O O B-numberofpeople O O B-moviename I-moviename
O O O O O B-numberofpeople O O B-moviename I-moviename I-moviename
O O O O O B-numberofpeople O O B-moviename I-moviename
O O O O O B-numberofpeople O O B-moviename I-moviename I-moviename
O O O O O B-numberofpeople O O B-moviename
O O O O O B-numberofpeople O O B-moviename
O O O O O B-numberofpeople O O B-moviename
O O O O O B-numberofpeople O O B-moviename I-moviename I-moviename
O O O O O B-numberofpeople O O B-moviename
O O O O O B-numberofpeople O O B-moviename I-moviename I-moviename
O O O O O B-numberofpeople O O B-moviename I-moviename I-moviename I-moviename I-moviename I-moviename
O O O O O O O B-moviename O
O O O O O O O B-numberofpeople O
O O O O O O O B-numberofpeople O
O O O O O O O B-moviename O
O O O O O O O B-numberofpeople O
O O O O O O B-moviename I-moviename I-moviename B-date
O O O O O O B-moviename
O O O O O O B-moviename I-moviename
O O O O O O B-moviename I-moviename B-date B-date
O O O O O O B-moviename I-moviename
O O O O O O B-moviename O O B-zip
O O O O O O B-moviename B-date
O O O O O O B-moviename B-date I-date
O O O O O O B-moviename I-moviename I-moviename
O O O O O O B-moviename I-moviename
O O O O O O B-moviename I-moviename I-moviename
O O O O O O B-moviename I-moviename I-moviename O B-theater I-theater
O O O O O O B-moviename I-moviename I-moviename B-date
O O O O O O B-moviename I-moviename I-moviename I-moviename B-distanceconstraints I-distanceconstraints
O O O O O O B-moviename I-moviename I-moviename
O O O O O O B-moviename I-moviename I-moviename O O B-zip
O O O O O O B-moviename
O O O O O O B-moviename O B-theater I-theater I-theater
O O O O O O B-moviename I-moviename
O O O O O O B-moviename I-moviename O B-state
O O O O O O O O B-distanceconstraints I-distanceconstraints
O O O O O O B-moviename I-moviename I-moviename I-moviename I-moviename I-moviename
O O O O O O B-moviename I-moviename I-moviename I-moviename I-moviename I-moviename O B-theater I-theater
O O O O O O B-moviename I-moviename I-moviename
O O O O O O B-moviename I-moviename I-moviename O B-state
O O O O O O B-moviename
O O O O O O B-moviename B-distanceconstraints I-distanceconstraints B-zip
O O O O O O B-moviename
O O O O O O B-moviename O B-state
O O O O O O B-moviename O B-state
O O O O O O B-moviename B-distanceconstraints I-distanceconstraints
O O O O O O B-moviename B-date
O O O O O O B-numberofpeople O O B-city I-city
O O O O O O B-numberofpeople O O B-moviename I-moviename
O O O O O O B-numberofpeople O O B-moviename
O O O O O O B-numberofpeople O O B-moviename
O O O O O O B-numberofpeople O O B-city I-city
O O O O O O B-numberofpeople O O B-city I-city
O O O O O O B-numberofpeople O O B-city
O O O O O O B-numberofpeople O O B-theater I-theater
O O O O O O B-numberofpeople O O B-moviename
O O O O O O B-numberofpeople O O B-moviename I-moviename
O O O O O O B-numberofpeople O O B-moviename
O O O O O O B-numberofpeople O O B-theater I-theater I-theater I-theater
O O O O O O B-numberofpeople O O B-city
O O O O O O B-numberofpeople O O B-theater I-theater I-theater
O O O O O O B-numberofpeople O B-distanceconstraints I-distanceconstraints B-zip
O O O O O O B-numberofpeople O O B-moviename I-moviename I-moviename
O O O O O O B-numberofpeople O O B-moviename I-moviename
O O O O O O B-numberofpeople O O B-moviename
O O O O O O B-numberofpeople O O B-city
O O O O O O B-numberofpeople O O B-city
O O O O O O B-numberofpeople O O B-moviename
O O O O O O B-numberofpeople O O B-moviename I-moviename I-moviename
O O O O O O B-numberofpeople O O B-moviename I-moviename I-moviename
O O O O O O B-numberofpeople O O B-moviename I-moviename I-moviename I-moviename
O O O O O O B-numberofpeople O O B-moviename
O O O O O O B-numberofpeople O O B-moviename
O O O O O O B-numberofpeople O O B-moviename
O O O O O O B-numberofpeople O O B-moviename I-moviename
O O O O O O B-numberofpeople O O B-moviename
O O O O O O B-numberofpeople O O B-moviename
O O O O O O B-numberofpeople O O B-city I-city
O O O O O O B-numberofpeople O O B-moviename I-moviename I-moviename
O O O O O O B-numberofpeople O O B-moviename I-moviename I-moviename I-moviename I-moviename I-moviename
O O O O O O B-numberofpeople O O B-moviename
O O O O O O O O B-city O B-date I-date
O O O O O O O O B-numberofpeople O O B-state
O O O O O O O O B-numberofpeople O O B-state
O O O O O O O O B-numberofpeople O B-distanceconstraints I-distanceconstraints
O O O O O O O O B-numberofpeople O O B-city O B-date I-date
O O O O O O O O B-city B-zip O B-date
O O O O O O O O O B-numberofpeople O
O O O O O O O O O B-numberofpeople O
O O O O O O O O O B-numberofpeople O O B-city B-zip
O O O O O O O O O B-numberofpeople O O B-zip
O O O O O O O O O B-numberofpeople O
O O O O O O O O O B-numberofpeople O
O O O O O O O O O B-numberofpeople O O B-zip
O O O O O B-date I-date O O B-numberofpeople O
O O O O O B-date I-date O O B-numberofpeople O
O O O O O B-date O O B-numberofpeople O
O O O O O B-date O O B-numberofpeople O
O O O O O B-date O O B-numberofpeople O
O O O O O B-date O O B-numberofpeople O
O O O O O B-state
O O O O O B-city I-city
O O O O O B-theater I-theater O B-city O B-date
O O O O O B-theater I-theater I-theater O B-date
O O O O O B-city
O O O O O B-city O B-date I-date
O O O O O O B-zip
O O O O O O B-zip
O O O O O O B-date I-date
O O O O O O B-date
O O O O O O B-date I-date
O O B-moviename I-moviename O
O O B-moviename I-moviename O O B-state
O O B-moviename I-moviename I-moviename O
O O B-moviename O
O O B-moviename O
O O B-moviename O O B-city
O O B-moviename O O B-city
O O B-moviename I-moviename I-moviename O O B-city
O O B-moviename O
O O B-moviename I-moviename I-moviename I-moviename O
O O B-moviename I-moviename I-moviename I-moviename O B-distanceconstraints I-distanceconstraints
O O B-moviename I-moviename I-moviename O
O O B-moviename I-moviename O O B-city I-city
O O B-moviename I-moviename O O B-city
O O B-moviename I-moviename O O B-city
O O B-moviename I-moviename O O B-state
O O B-moviename I-moviename I-moviename I-moviename I-moviename I-moviename O
O O B-moviename I-moviename I-moviename O O B-city
O O B-moviename I-moviename I-moviename O O B-state
O O B-moviename O
O O B-moviename O
O O B-moviename O O B-city
O O B-moviename O O B-city
O O B-moviename O O B-city
O O B-moviename O O B-state
O O B-moviename O B-distanceconstraints I-distanceconstraints
O O O O O B-city B-state
O O O O O B-city I-city B-state
O O O B-moviename I-moviename I-moviename O O B-theater I-theater I-theater I-theater
O O O B-moviename I-moviename O O B-theater I-theater
O O O B-moviename I-moviename I-moviename I-moviename I-moviename I-moviename O O B-theater I-theater
O O O O O O O
O O O O O O O O B-city
O O O O O O O O B-city I-city B-state
O O O O O O O O B-city I-city B-state
O O O O O O O O B-city I-city
O O O O O O O O B-city B-state
O O O O O O O B-distanceconstraints I-distanceconstraints B-zip
O O O O O O O O B-numberofpeople O O B-date I-date
O O O O O O O O B-numberofpeople O O B-city B-zip O B-date
O O O O O O O O B-numberofpeople O O B-date
O O O O O O O O B-numberofpeople O O B-city B-zip O B-date
O O O O O O O O B-numberofpeople O O B-date I-date
O O O O O O O B-distanceconstraints I-distanceconstraints
O O O O O O O O B-date I-date
O O O O O O O O B-date I-date
O O O O O O O O B-date
O O O O O O O O B-date I-date
O O O O O O O O B-date
O O O O O O O O O B-numberofpeople O O B-city
O O O O O O O O O B-numberofpeople O O B-city
O O O O O O O O O B-numberofpeople O O B-city
O O O O O O O O O B-numberofpeople O O B-city
O O O O O O O O O O B-numberofpeople O O B-city B-state
O O O O O O O O O O B-numberofpeople O O B-city B-state
O O O O O O O O O O B-numberofpeople O O B-city B-state
O O O O O B-numberofpeople O O B-moviename I-moviename
O O O O O B-numberofpeople O O B-moviename I-moviename
O O O O O B-numberofpeople O O B-moviename
O O O O O B-numberofpeople O O B-moviename I-moviename I-moviename I-moviename
O O O O O B-numberofpeople O O B-moviename
O O O O O B-numberofpeople O O B-moviename
O O O O O B-numberofpeople O O B-moviename
O O O O O B-numberofpeople O O B-moviename
O O O O O B-numberofpeople O O B-moviename I-moviename
O O O O O B-numberofpeople O O B-moviename I-moviename
O O O O O B-numberofpeople O O B-moviename
O O O O O B-numberofpeople O O B-moviename I-moviename I-moviename
O O O O O B-numberofpeople O O B-moviename I-moviename
O O O O O B-numberofpeople O O B-moviename I-moviename I-moviename
O O O O O B-numberofpeople O O B-moviename
O O O O O B-numberofpeople O O B-moviename I-moviename
O O O O O B-numberofpeople O O B-moviename I-moviename I-moviename
O O O O O B-numberofpeople O O B-moviename I-moviename I-moviename
O O O O O B-numberofpeople O O B-moviename
O O O O O B-numberofpeople O O B-moviename I-moviename I-moviename
O O O O O B-numberofpeople O O B-moviename
O O O O O B-numberofpeople O O B-moviename
O O O O O B-numberofpeople O O B-moviename
O O O B-moviename I-moviename O O B-state
O O O B-moviename I-moviename I-moviename O
O O O O
O O O B-moviename I-moviename O
O O O B-moviename I-moviename O
O O O B-moviename O
O O O B-moviename O O B-state
O O O B-moviename I-moviename O
O O O O O O B-city I-city
O O O B-moviename I-moviename I-moviename I-moviename O B-distanceconstraints I-distanceconstraints
O O O B-moviename I-moviename I-moviename O
O O O O B-video_format B-moviename
O O O O B-video_format B-moviename I-moviename
O O O O B-moviename O B-city
O O O O B-moviename O B-theater I-theater I-theater I-theater
O O O O B-moviename O B-city
O O O O B-moviename O B-city
O O O O B-moviename O B-city I-city
O O O O B-moviename O B-city
O O O O B-moviename O B-city
O O O O B-city I-moviename O B-city I-city
O O O O B-city I-moviename O B-city
O O O O B-city I-moviename O B-city
O O O O B-city O B-city
O O O O B-city O B-city I-city
O O O O B-city O B-city
O O O O B-city O B-city
O O O B-city I-moviename O O B-state
O O O B-city I-moviename O O B-state
O O O B-city I-moviename O
O O O B-city I-moviename O B-distanceconstraints
O O O B-city I-moviename O O B-state
O O O B-moviename I-moviename I-moviename O
O O O B-moviename I-moviename I-moviename O O B-state
O O O B-moviename O B-distanceconstraints I-distanceconstraints B-zip
O O O B-moviename O
O O O B-moviename O O B-state
O O O B-moviename O O B-state
O O O B-moviename O O B-state
O O O B-moviename O B-distanceconstraints I-distanceconstraints
O O B-distanceconstraints I-distanceconstraints B-zip O O B-moviename I-moviename I-moviename
O O B-distanceconstraints I-distanceconstraints B-zip O O B-moviename I-moviename I-moviename
O O O B-moviename I-moviename O B-date I-date
O O O B-moviename O B-date
O O O B-moviename O B-date
O O O B-moviename O B-date I-date
O O O O O B-moviename O B-starttime I-starttime
O O O O O B-moviename O B-starttime
O O O O O B-moviename I-moviename O B-starttime I-starttime I-starttime
O O O O O B-moviename O B-starttime
O O O O O B-moviename O B-starttime I-starttime
O O O O O B-moviename O B-starttime I-starttime
O O O O O B-moviename O B-date
O O O B-moviename O B-date
O O O B-moviename O B-date
O O O B-moviename O B-date
B-theater
O O O O O O
O O O O O
B-starttime I-starttime
O
O O O B-numberofpeople O
O O O B-numberofpeople O O B-city I-city I-city
O O O B-numberofpeople O O O O O B-city I-city
O O O B-numberofpeople O
O O O B-numberofpeople O O B-theater O O B-city I-city
O O O B-numberofpeople O O B-theater O O B-city I-city
O O O B-numberofpeople O O B-theater O O B-city I-city
O O O B-numberofpeople O O B-theater O O B-city
O O O B-numberofpeople O O B-theater O O B-city
B-distanceconstraints I-distanceconstraints B-zip
B-moviename
B-moviename
B-city I-city
B-city I-city
O
B-numberofpeople O O
B-date
B-greeting O O O O O O O
B-greeting O O O O O B-theater I-theater I-theater I-theater O
B-greeting O O O O O B-theater I-theater O
O O O B-theater I-theater I-theater I-theater I-theater
O O O B-theater I-theater I-theater I-theater I-theater
O O O B-theater I-theater I-theater
O O O B-theater I-theater I-theater I-theater
O O O B-theater I-theater I-theater
O O O O O O O O
O O O O O O O O O
O O O O O O O O
O O O O B-moviename I-moviename
O O O O B-moviename
O O O O O O O O
O O O O O O O O B-city I-city
O O O O O O O
O O O O O O O
O O O O O O O O
O O O O O B-numberofpeople O
O O O O O O O O
O O O O O O O O B-starttime I-starttime
O O O O O O O O B-starttime I-starttime
O O O O O O O O B-starttime I-starttime
O O O O O O O O B-starttime
O O O O O O O O B-starttime I-starttime
O O O O O O O O B-starttime I-starttime
O O O O O O O O B-starttime I-starttime
O O O O O O O O B-starttime I-starttime
O O O O O O O O B-starttime I-starttime I-starttime
O O O O O O O O B-date
O O O O O O O
O O O B-numberofpeople O
O O O B-numberofpeople O
O O O B-numberofpeople O
O O O B-numberofpeople O
O O O O O B-numberofpeople O
O O O B-numberofpeople O
O O O O O O O O
O O B-city
O O B-city
O O B-city
O O B-city I-city
O O B-city I-city
O O B-city I-city
O O B-city I-city
O O B-city
O O B-city
O O B-city I-city
O O B-moviename I-moviename O O
O O B-moviename I-moviename I-moviename O O
O O B-moviename O O
O O B-moviename O O
O O B-moviename I-moviename I-moviename O O
O O B-moviename I-moviename I-moviename O O
O O B-moviename I-moviename O O
O O B-moviename O O
B-moviename I-moviename I-moviename
B-distanceconstraints I-distanceconstraints
O
B-theater I-theater I-theater O
O O
B-theater I-theater O
B-moviename I-moviename
B-date
B-closing I-closing
B-closing I-closing O O
B-closing I-closing I-closing
B-date
B-date
B-date I-date
B-numberofpeople O O
O O O O O O
O O O O O O
O O O O B-other
O O O O O O
O O O O O B-other
O O O O O
O O O O O O
O O O O O O
O O O O O O
O O O O O O O
O O O O O O
O O O O O
O O O O O O
O O O O
O
O O
O O
O O B-numberofpeople
O O B-numberofpeople
O O B-numberofpeople
O O
